couple things come to can requery the data can programmatically add a Column to your DataTable that acts as an index of the original row When you want to restore the sort sort on this done You can set the new AutoIncrement property to true and the values will be filled in for
jQuery site has excellent documentation and lots of It really is the best place to get general JavaScript I would read The Good
are all documented on Get started at the Developer and at
seen the Gas assembler but in general the stack is by maintaining a reference to the location in memory where the top of the stack The memory location is stored in a which has different names for different but can be thought of as the stack pointer pop and push commands are implemented in most architectures for you by building upon micro some require you implement them your push would be implemented somewhat like load the address in the stack pointer register to a purpose register store data y at the location increment stack pointer register by size of some architectures store the last used memory address as the Stack Some store the next available
you could do is to remove the default on the will keep the inside If you do want the wrap the in a with the borders set on the div way you can remove the from the Something solid other option is instead of removing the style from the to compensate for it in the wrapped will give you somewhat different results in different but they will not overlap the The values in the div depend on how large the border is on the and how much space you want between the and the
might want to look into the what I use to display help in Winforms
can use directive on the top of your code DataDictionary if you use this DataDictionary in a lot of code encapsulation or inheritance are much more
WCF Gotcha where he comes up with a convenient wrapper delegate void static class public static new public static void var proxy var success success if orderService
a Foreign Key referencing a Primary Key need the NOT NULL constraint in a PostgreSQL database is highly normalized and will be very I do not wish to add extra constraints that will slow down the queries even more if said queries are a Foreign Key referencing PK need the NOT NULL
say which server In older versions of you can use top 1 from mytable order by SQL Server 2005 and you can use TABLESAMPLE to get a random sample Contact
Working
it If going to use the old code together with new Python it might be not so much for speed but for easier But it fix Allso rewriting can result in better but only do it if you need a hobby project of course worth cause the process is the Gauslaa
what you want is a templating out the post Templating with using it and pretty just set the template you want to use inside a then you feed it with a json and
have a website that I want to make look good from a but make very usable from a mobile thinking going to detect if the user is likely using a mobile and if they redirect the first hit to a page that says something looks like viewing this page on a mobile Would you like to view the mobile Based on the user set a this be or also like to make sure that if I miss someone who is mobile browsing I think but it turns out they I provide some way to switch to the mobile if I detect someone is but prefer to browse the full I need to allow leaning toward having a mobile and version of every page on the just presenting the data differently with a lot less for the been through have Any links to sites that do this site usable both from Mobile devices and
the Routing will give you a good explanation in about as plain wording as you can Just know that a resource route RESTful route and good to
is already a variant for memcache which is check out tokyo which supposedly is much your Let me add way to implement a is just add a timestamp column to your next time when you get the cached check if the timestamp is too and delete the entry at that get a fresh and put it back in the DB cache with a current is also the way memcache does
am using GNUplot to plot large volumes of data that I want to visualize in 3D using the pm3d This is very slow rendering in software is there free software that will do this using OpenGL or tool for Mac OS
windows are owned by which is a system and actually the only process that you cannot kill least on you can kill the other system processes if you do it in the right look for the article Windows with No by Mark So power cycling seems to be the only way to get rid of the zombie console
are powerful Regex is a great free offline regex tool that I use fairly like but it costs and
people on SO really about for not I have not spoken to my manager
